<?xml version="1.0" encoding="UTF-8"?>
<!-- Generated by org.testng.reporters.JUnitReportReporter -->
<testsuite hostname="IMRAN" failures="0" tests="1" name="alert_popups.HandlingAlert" time="11.070" errors="0" timestamp="2021-09-25T19:13:44 BDT" skipped="0">
  <testcase classname="alert_popups.HandlingAlert" name="Alert" time="11.070"/>
  <system-out/>
</testsuite> <!-- alert_popups.HandlingAlert -->
